{"/home/manish/Desktop/machine/omnibioai-ui/src/components/Badge/Badge.css": {"path":"/home/manish/Desktop/machine/omnibioai-ui/src/components/Badge/Badge.css","statementMap":{},"fnMap":{},"branchMap":{},"s":{},"f":{},"b":{},"meta":{"lastBranch":0,"lastFunction":0,"lastStatement":0,"seen":{},"fnNames":{}}}
,"/home/manish/Desktop/machine/omnibioai-ui/src/components/Badge/Badge.tsx": {"path":"/home/manish/Desktop/machine/omnibioai-ui/src/components/Badge/Badge.tsx","statementMap":{"0":{"start":{"line":12,"column":14},"end":{"line":12,"column":null}},"1":{"start":{"line":13,"column":2},"end":{"line":16,"column":null}}},"fnMap":{"0":{"name":"Badge","decl":{"start":{"line":11,"column":16},"end":{"line":11,"column":22}},"loc":{"start":{"line":11,"column":69},"end":{"line":18,"column":null}},"line":11}},"branchMap":{"0":{"loc":{"start":{"line":11,"column":24},"end":{"line":11,"column":45}},"type":"default-arg","locations":[{"start":{"line":11,"column":34},"end":{"line":11,"column":45}}],"line":11},"1":{"loc":{"start":{"line":12,"column":14},"end":{"line":12,"column":null}},"type":"cond-expr","locations":[{"start":{"line":12,"column":38},"end":{"line":12,"column":50}},{"start":{"line":12,"column":50},"end":{"line":12,"column":null}}],"line":12}},"s":{"0":8,"1":8},"f":{"0":8},"b":{"0":[8],"1":[3,5]},"meta":{"lastBranch":2,"lastFunction":1,"lastStatement":2,"seen":{"f:11:16:11:22":0,"b:11:34:11:45":0,"s:12:14:12:Infinity":0,"b:12:38:12:50:12:50:12:Infinity":1,"s:13:2:16:Infinity":1},"fnNames":{}}}
,"/home/manish/Desktop/machine/omnibioai-ui/src/components/Button/Button.css": {"path":"/home/manish/Desktop/machine/omnibioai-ui/src/components/Button/Button.css","statementMap":{},"fnMap":{},"branchMap":{},"s":{},"f":{},"b":{},"meta":{"lastBranch":0,"lastFunction":0,"lastStatement":0,"seen":{},"fnNames":{}}}
,"/home/manish/Desktop/machine/omnibioai-ui/src/components/Button/Button.tsx": {"path":"/home/manish/Desktop/machine/omnibioai-ui/src/components/Button/Button.tsx","statementMap":{"0":{"start":{"line":15,"column":2},"end":{"line":23,"column":null}}},"fnMap":{"0":{"name":"Button","decl":{"start":{"line":14,"column":16},"end":{"line":14,"column":23}},"loc":{"start":{"line":14,"column":112},"end":{"line":25,"column":null}},"line":14}},"branchMap":{"0":{"loc":{"start":{"line":14,"column":25},"end":{"line":14,"column":46}},"type":"default-arg","locations":[{"start":{"line":14,"column":35},"end":{"line":14,"column":46}}],"line":14},"1":{"loc":{"start":{"line":14,"column":46},"end":{"line":14,"column":59}},"type":"default-arg","locations":[{"start":{"line":14,"column":53},"end":{"line":14,"column":59}}],"line":14},"2":{"loc":{"start":{"line":18,"column":16},"end":{"line":18,"column":null}},"type":"binary-expr","locations":[{"start":{"line":18,"column":16},"end":{"line":18,"column":28}},{"start":{"line":18,"column":28},"end":{"line":18,"column":null}}],"line":18},"3":{"loc":{"start":{"line":21,"column":7},"end":{"line":22,"column":null}},"type":"binary-expr","locations":[{"start":{"line":21,"column":7},"end":{"line":21,"column":18}},{"start":{"line":21,"column":18},"end":{"line":22,"column":null}}],"line":21}},"s":{"0":7},"f":{"0":7},"b":{"0":[7],"1":[7],"2":[7,5],"3":[7,1]},"meta":{"lastBranch":4,"lastFunction":1,"lastStatement":1,"seen":{"f:14:16:14:23":0,"b:14:35:14:46":0,"b:14:53:14:59":1,"s:15:2:23:Infinity":0,"b:18:16:18:28:18:28:18:Infinity":2,"b:21:7:21:18:21:18:22:Infinity":3},"fnNames":{}}}
,"/home/manish/Desktop/machine/omnibioai-ui/src/components/Card/Card.css": {"path":"/home/manish/Desktop/machine/omnibioai-ui/src/components/Card/Card.css","statementMap":{},"fnMap":{},"branchMap":{},"s":{},"f":{},"b":{},"meta":{"lastBranch":0,"lastFunction":0,"lastStatement":0,"seen":{},"fnNames":{}}}
,"/home/manish/Desktop/machine/omnibioai-ui/src/components/Card/Card.tsx": {"path":"/home/manish/Desktop/machine/omnibioai-ui/src/components/Card/Card.tsx","statementMap":{"0":{"start":{"line":15,"column":18},"end":{"line":20,"column":null}},"1":{"start":{"line":22,"column":2},"end":{"line":31,"column":null}}},"fnMap":{"0":{"name":"Card","decl":{"start":{"line":14,"column":16},"end":{"line":14,"column":21}},"loc":{"start":{"line":14,"column":101},"end":{"line":33,"column":null}},"line":14}},"branchMap":{"0":{"loc":{"start":{"line":17,"column":4},"end":{"line":17,"column":null}},"type":"cond-expr","locations":[{"start":{"line":17,"column":15},"end":{"line":17,"column":39}},{"start":{"line":17,"column":39},"end":{"line":17,"column":null}}],"line":17},"1":{"loc":{"start":{"line":18,"column":4},"end":{"line":18,"column":null}},"type":"cond-expr","locations":[{"start":{"line":18,"column":16},"end":{"line":18,"column":41}},{"start":{"line":18,"column":41},"end":{"line":18,"column":null}}],"line":18},"2":{"loc":{"start":{"line":19,"column":4},"end":{"line":19,"column":null}},"type":"binary-expr","locations":[{"start":{"line":19,"column":4},"end":{"line":19,"column":17}},{"start":{"line":19,"column":17},"end":{"line":19,"column":null}}],"line":19},"3":{"loc":{"start":{"line":23,"column":36},"end":{"line":23,"column":80}},"type":"cond-expr","locations":[{"start":{"line":23,"column":46},"end":{"line":23,"column":60}},{"start":{"line":23,"column":60},"end":{"line":23,"column":80}}],"line":23},"4":{"loc":{"start":{"line":23,"column":4},"end":{"line":30,"column":7}},"type":"binary-expr","locations":[{"start":{"line":24,"column":8},"end":{"line":24,"column":17}},{"start":{"line":24,"column":17},"end":{"line":24,"column":null}},{"start":{"line":25,"column":8},"end":{"line":30,"column":7}}],"line":23},"5":{"loc":{"start":{"line":26,"column":11},"end":{"line":27,"column":22}},"type":"binary-expr","locations":[{"start":{"line":26,"column":11},"end":{"line":26,"column":22}},{"start":{"line":26,"column":22},"end":{"line":27,"column":22}}],"line":26},"6":{"loc":{"start":{"line":27,"column":11},"end":{"line":28,"column":null}},"type":"binary-expr","locations":[{"start":{"line":27,"column":11},"end":{"line":27,"column":22}},{"start":{"line":27,"column":22},"end":{"line":28,"column":null}}],"line":27}},"s":{"0":5,"1":5},"f":{"0":5},"b":{"0":[1,4],"1":[1,4],"2":[5,5],"3":[0,5],"4":[5,4,1],"5":[1,1],"6":[1,0]},"meta":{"lastBranch":7,"lastFunction":1,"lastStatement":2,"seen":{"f:14:16:14:21":0,"s:15:18:20:Infinity":0,"b:17:15:17:39:17:39:17:Infinity":0,"b:18:16:18:41:18:41:18:Infinity":1,"b:19:4:19:17:19:17:19:Infinity":2,"s:22:2:31:Infinity":1,"b:23:46:23:60:23:60:23:80":3,"b:24:8:24:17:24:17:24:Infinity:25:8:30:7":4,"b:26:11:26:22:26:22:27:22":5,"b:27:11:27:22:27:22:28:Infinity":6},"fnNames":{}}}
,"/home/manish/Desktop/machine/omnibioai-ui/src/components/Input/Input.css": {"path":"/home/manish/Desktop/machine/omnibioai-ui/src/components/Input/Input.css","statementMap":{},"fnMap":{},"branchMap":{},"s":{},"f":{},"b":{},"meta":{"lastBranch":0,"lastFunction":0,"lastStatement":0,"seen":{},"fnNames":{}}}
,"/home/manish/Desktop/machine/omnibioai-ui/src/components/Input/Input.tsx": {"path":"/home/manish/Desktop/machine/omnibioai-ui/src/components/Input/Input.tsx","statementMap":{"0":{"start":{"line":14,"column":2},"end":{"line":25,"column":null}}},"fnMap":{"0":{"name":"Input","decl":{"start":{"line":13,"column":16},"end":{"line":13,"column":22}},"loc":{"start":{"line":13,"column":92},"end":{"line":27,"column":null}},"line":13}},"branchMap":{"0":{"loc":{"start":{"line":16,"column":7},"end":{"line":16,"column":null}},"type":"binary-expr","locations":[{"start":{"line":16,"column":7},"end":{"line":16,"column":16}},{"start":{"line":16,"column":16},"end":{"line":16,"column":null}}],"line":16},"1":{"loc":{"start":{"line":18,"column":32},"end":{"line":18,"column":null}},"type":"cond-expr","locations":[{"start":{"line":18,"column":40},"end":{"line":18,"column":63}},{"start":{"line":18,"column":63},"end":{"line":18,"column":null}}],"line":18},"2":{"loc":{"start":{"line":24,"column":7},"end":{"line":24,"column":null}},"type":"binary-expr","locations":[{"start":{"line":24,"column":7},"end":{"line":24,"column":16}},{"start":{"line":24,"column":16},"end":{"line":24,"column":null}}],"line":24}},"s":{"0":5},"f":{"0":5},"b":{"0":[5,1],"1":[1,4],"2":[5,1]},"meta":{"lastBranch":3,"lastFunction":1,"lastStatement":1,"seen":{"f:13:16:13:22":0,"s:14:2:25:Infinity":0,"b:16:7:16:16:16:16:16:Infinity":0,"b:18:40:18:63:18:63:18:Infinity":1,"b:24:7:24:16:24:16:24:Infinity":2},"fnNames":{}}}
,"/home/manish/Desktop/machine/omnibioai-ui/src/components/ProgressBar/ProgressBar.css": {"path":"/home/manish/Desktop/machine/omnibioai-ui/src/components/ProgressBar/ProgressBar.css","statementMap":{},"fnMap":{},"branchMap":{},"s":{},"f":{},"b":{},"meta":{"lastBranch":0,"lastFunction":0,"lastStatement":0,"seen":{},"fnNames":{}}}
,"/home/manish/Desktop/machine/omnibioai-ui/src/components/ProgressBar/ProgressBar.tsx": {"path":"/home/manish/Desktop/machine/omnibioai-ui/src/components/ProgressBar/ProgressBar.tsx","statementMap":{"0":{"start":{"line":20,"column":14},"end":{"line":20,"column":null}},"1":{"start":{"line":21,"column":18},"end":{"line":21,"column":null}},"2":{"start":{"line":23,"column":2},"end":{"line":34,"column":null}}},"fnMap":{"0":{"name":"ProgressBar","decl":{"start":{"line":12,"column":16},"end":{"line":12,"column":28}},"loc":{"start":{"line":19,"column":21},"end":{"line":36,"column":null}},"line":19}},"branchMap":{"0":{"loc":{"start":{"line":14,"column":2},"end":{"line":14,"column":null}},"type":"default-arg","locations":[{"start":{"line":14,"column":8},"end":{"line":14,"column":null}}],"line":14},"1":{"loc":{"start":{"line":15,"column":2},"end":{"line":15,"column":null}},"type":"default-arg","locations":[{"start":{"line":15,"column":9},"end":{"line":15,"column":null}}],"line":15},"2":{"loc":{"start":{"line":16,"column":2},"end":{"line":16,"column":null}},"type":"default-arg","locations":[{"start":{"line":16,"column":12},"end":{"line":16,"column":null}}],"line":16},"3":{"loc":{"start":{"line":17,"column":2},"end":{"line":17,"column":null}},"type":"default-arg","locations":[{"start":{"line":17,"column":14},"end":{"line":17,"column":null}}],"line":17},"4":{"loc":{"start":{"line":21,"column":18},"end":{"line":21,"column":null}},"type":"binary-expr","locations":[{"start":{"line":21,"column":18},"end":{"line":21,"column":27}},{"start":{"line":21,"column":27},"end":{"line":21,"column":null}}],"line":21},"5":{"loc":{"start":{"line":31,"column":7},"end":{"line":34,"column":null}},"type":"binary-expr","locations":[{"start":{"line":31,"column":7},"end":{"line":31,"column":null}},{"start":{"line":32,"column":8},"end":{"line":34,"column":null}}],"line":31}},"s":{"0":7,"1":7,"2":7},"f":{"0":7},"b":{"0":[7],"1":[7],"2":[7],"3":[7],"4":[7,6],"5":[7,6]},"meta":{"lastBranch":6,"lastFunction":1,"lastStatement":3,"seen":{"f:12:16:12:28":0,"b:14:8:14:Infinity":0,"b:15:9:15:Infinity":1,"b:16:12:16:Infinity":2,"b:17:14:17:Infinity":3,"s:20:14:20:Infinity":0,"s:21:18:21:Infinity":1,"b:21:18:21:27:21:27:21:Infinity":4,"s:23:2:34:Infinity":2,"b:31:7:31:Infinity:32:8:34:Infinity":5},"fnNames":{}}}
,"/home/manish/Desktop/machine/omnibioai-ui/src/components/Select/Select.css": {"path":"/home/manish/Desktop/machine/omnibioai-ui/src/components/Select/Select.css","statementMap":{},"fnMap":{},"branchMap":{},"s":{},"f":{},"b":{},"meta":{"lastBranch":0,"lastFunction":0,"lastStatement":0,"seen":{},"fnNames":{}}}
,"/home/manish/Desktop/machine/omnibioai-ui/src/components/Select/Select.tsx": {"path":"/home/manish/Desktop/machine/omnibioai-ui/src/components/Select/Select.tsx","statementMap":{"0":{"start":{"line":20,"column":2},"end":{"line":36,"column":null}},"1":{"start":{"line":27,"column":23},"end":{"line":27,"column":null}},"2":{"start":{"line":33,"column":10},"end":{"line":33,"column":null}}},"fnMap":{"0":{"name":"Select","decl":{"start":{"line":17,"column":16},"end":{"line":17,"column":23}},"loc":{"start":{"line":19,"column":16},"end":{"line":38,"column":null}},"line":19},"1":{"name":"(anonymous_1)","decl":{"start":{"line":27,"column":8},"end":{"line":27,"column":18}},"loc":{"start":{"line":27,"column":23},"end":{"line":27,"column":null}},"line":27},"2":{"name":"(anonymous_2)","decl":{"start":{"line":32,"column":17},"end":{"line":32,"column":21}},"loc":{"start":{"line":33,"column":10},"end":{"line":33,"column":null}},"line":33}},"branchMap":{"0":{"loc":{"start":{"line":22,"column":7},"end":{"line":23,"column":7}},"type":"binary-expr","locations":[{"start":{"line":22,"column":7},"end":{"line":22,"column":16}},{"start":{"line":22,"column":16},"end":{"line":23,"column":7}}],"line":22},"1":{"loc":{"start":{"line":29,"column":9},"end":{"line":32,"column":17}},"type":"binary-expr","locations":[{"start":{"line":29,"column":9},"end":{"line":29,"column":null}},{"start":{"line":30,"column":10},"end":{"line":32,"column":17}}],"line":29}},"s":{"0":5,"1":1,"2":15},"f":{"0":5,"1":1,"2":15},"b":{"0":[5,1],"1":[5,1]},"meta":{"lastBranch":2,"lastFunction":3,"lastStatement":3,"seen":{"f:17:16:17:23":0,"s:20:2:36:Infinity":0,"b:22:7:22:16:22:16:23:7":0,"f:27:8:27:18":1,"s:27:23:27:Infinity":1,"b:29:9:29:Infinity:30:10:32:17":1,"f:32:17:32:21":2,"s:33:10:33:Infinity":2},"fnNames":{}}}
,"/home/manish/Desktop/machine/omnibioai-ui/src/components/Spinner/Spinner.css": {"path":"/home/manish/Desktop/machine/omnibioai-ui/src/components/Spinner/Spinner.css","statementMap":{},"fnMap":{},"branchMap":{},"s":{},"f":{},"b":{},"meta":{"lastBranch":0,"lastFunction":0,"lastStatement":0,"seen":{},"fnNames":{}}}
,"/home/manish/Desktop/machine/omnibioai-ui/src/components/Spinner/Spinner.tsx": {"path":"/home/manish/Desktop/machine/omnibioai-ui/src/components/Spinner/Spinner.tsx","statementMap":{"0":{"start":{"line":9,"column":2},"end":{"line":13,"column":null}}},"fnMap":{"0":{"name":"Spinner","decl":{"start":{"line":8,"column":16},"end":{"line":8,"column":24}},"loc":{"start":{"line":8,"column":62},"end":{"line":15,"column":null}},"line":8}},"branchMap":{"0":{"loc":{"start":{"line":8,"column":26},"end":{"line":8,"column":39}},"type":"default-arg","locations":[{"start":{"line":8,"column":33},"end":{"line":8,"column":39}}],"line":8},"1":{"loc":{"start":{"line":12,"column":13},"end":{"line":12,"column":null}},"type":"cond-expr","locations":[{"start":{"line":12,"column":21},"end":{"line":12,"column":49}},{"start":{"line":12,"column":49},"end":{"line":12,"column":null}}],"line":12}},"s":{"0":5},"f":{"0":5},"b":{"0":[5],"1":[1,4]},"meta":{"lastBranch":2,"lastFunction":1,"lastStatement":1,"seen":{"f:8:16:8:24":0,"b:8:33:8:39":0,"s:9:2:13:Infinity":0,"b:12:21:12:49:12:49:12:Infinity":1},"fnNames":{}}}
,"/home/manish/Desktop/machine/omnibioai-ui/src/components/StatusDot/StatusDot.css": {"path":"/home/manish/Desktop/machine/omnibioai-ui/src/components/StatusDot/StatusDot.css","statementMap":{},"fnMap":{},"branchMap":{},"s":{},"f":{},"b":{},"meta":{"lastBranch":0,"lastFunction":0,"lastStatement":0,"seen":{},"fnNames":{}}}
,"/home/manish/Desktop/machine/omnibioai-ui/src/components/StatusDot/StatusDot.tsx": {"path":"/home/manish/Desktop/machine/omnibioai-ui/src/components/StatusDot/StatusDot.tsx","statementMap":{"0":{"start":{"line":10,"column":45},"end":{"line":16,"column":null}},"1":{"start":{"line":19,"column":2},"end":{"line":23,"column":null}}},"fnMap":{"0":{"name":"StatusDot","decl":{"start":{"line":18,"column":16},"end":{"line":18,"column":26}},"loc":{"start":{"line":18,"column":61},"end":{"line":25,"column":null}},"line":18}},"branchMap":{"0":{"loc":{"start":{"line":22,"column":7},"end":{"line":23,"column":null}},"type":"binary-expr","locations":[{"start":{"line":22,"column":7},"end":{"line":22,"column":16}},{"start":{"line":22,"column":16},"end":{"line":23,"column":null}}],"line":22}},"s":{"0":1,"1":7},"f":{"0":7},"b":{"0":[7,1]},"meta":{"lastBranch":1,"lastFunction":1,"lastStatement":2,"seen":{"s:10:45:16:Infinity":0,"f:18:16:18:26":0,"s:19:2:23:Infinity":1,"b:22:7:22:16:22:16:23:Infinity":0},"fnNames":{}}}
,"/home/manish/Desktop/machine/omnibioai-ui/src/components/Table/Table.css": {"path":"/home/manish/Desktop/machine/omnibioai-ui/src/components/Table/Table.css","statementMap":{},"fnMap":{},"branchMap":{},"s":{},"f":{},"b":{},"meta":{"lastBranch":0,"lastFunction":0,"lastStatement":0,"seen":{},"fnNames":{}}}
,"/home/manish/Desktop/machine/omnibioai-ui/src/components/Table/Table.tsx": {"path":"/home/manish/Desktop/machine/omnibioai-ui/src/components/Table/Table.tsx","statementMap":{"0":{"start":{"line":27,"column":18},"end":{"line":27,"column":null}},"1":{"start":{"line":28,"column":18},"end":{"line":28,"column":null}},"2":{"start":{"line":29,"column":15},"end":{"line":29,"column":null}},"3":{"start":{"line":31,"column":8},"end":{"line":40,"column":null}},"4":{"start":{"line":32,"column":4},"end":{"line":32,"column":null}},"5":{"start":{"line":32,"column":30},"end":{"line":32,"column":null}},"6":{"start":{"line":33,"column":4},"end":{"line":39,"column":null}},"7":{"start":{"line":34,"column":17},"end":{"line":34,"column":29}},"8":{"start":{"line":34,"column":40},"end":{"line":34,"column":null}},"9":{"start":{"line":35,"column":6},"end":{"line":35,"column":null}},"10":{"start":{"line":35,"column":22},"end":{"line":35,"column":null}},"11":{"start":{"line":36,"column":6},"end":{"line":36,"column":null}},"12":{"start":{"line":36,"column":22},"end":{"line":36,"column":null}},"13":{"start":{"line":37,"column":18},"end":{"line":37,"column":null}},"14":{"start":{"line":38,"column":6},"end":{"line":38,"column":null}},"15":{"start":{"line":42,"column":20},"end":{"line":42,"column":null}},"16":{"start":{"line":43,"column":20},"end":{"line":43,"column":null}},"17":{"start":{"line":44,"column":20},"end":{"line":44,"column":null}},"18":{"start":{"line":47,"column":4},"end":{"line":47,"column":null}},"19":{"start":{"line":47,"column":23},"end":{"line":47,"column":null}},"20":{"start":{"line":48,"column":4},"end":{"line":54,"column":null}},"21":{"start":{"line":49,"column":6},"end":{"line":49,"column":null}},"22":{"start":{"line":49,"column":22},"end":{"line":49,"column":72}},"23":{"start":{"line":50,"column":6},"end":{"line":50,"column":null}},"24":{"start":{"line":50,"column":30},"end":{"line":50,"column":null}},"25":{"start":{"line":52,"column":6},"end":{"line":52,"column":null}},"26":{"start":{"line":53,"column":6},"end":{"line":53,"column":null}},"27":{"start":{"line":55,"column":4},"end":{"line":55,"column":null}},"28":{"start":{"line":58,"column":2},"end":{"line":128,"column":null}},"29":{"start":{"line":64,"column":31},"end":{"line":64,"column":null}},"30":{"start":{"line":65,"column":26},"end":{"line":70,"column":null}},"31":{"start":{"line":71,"column":14},"end":{"line":75,"column":null}},"32":{"start":{"line":73,"column":35},"end":{"line":73,"column":null}},"33":{"start":{"line":88,"column":12},"end":{"line":97,"column":null}},"34":{"start":{"line":90,"column":16},"end":{"line":95,"column":null}},"35":{"start":{"line":105,"column":27},"end":{"line":105,"column":48}},"36":{"start":{"line":105,"column":40},"end":{"line":105,"column":45}},"37":{"start":{"line":106,"column":51},"end":{"line":106,"column":56}},"38":{"start":{"line":107,"column":25},"end":{"line":108,"column":52}},"39":{"start":{"line":110,"column":14},"end":{"line":111,"column":null}},"40":{"start":{"line":111,"column":16},"end":{"line":111,"column":null}},"41":{"start":{"line":112,"column":14},"end":{"line":112,"column":27}},"42":{"start":{"line":112,"column":27},"end":{"line":112,"column":null}},"43":{"start":{"line":114,"column":27},"end":{"line":117,"column":null}},"44":{"start":{"line":117,"column":33},"end":{"line":117,"column":56}},"45":{"start":{"line":121,"column":27},"end":{"line":121,"column":48}},"46":{"start":{"line":121,"column":40},"end":{"line":121,"column":45}}},"fnMap":{"0":{"name":"Table","decl":{"start":{"line":21,"column":16},"end":{"line":21,"column":57}},"loc":{"start":{"line":26,"column":18},"end":{"line":130,"column":null}},"line":26},"1":{"name":"(anonymous_1)","decl":{"start":{"line":31,"column":17},"end":{"line":31,"column":31}},"loc":{"start":{"line":31,"column":31},"end":{"line":40,"column":5}},"line":31},"2":{"name":"(anonymous_2)","decl":{"start":{"line":33,"column":21},"end":{"line":33,"column":27}},"loc":{"start":{"line":33,"column":36},"end":{"line":39,"column":5}},"line":33},"3":{"name":"handleSort","decl":{"start":{"line":46,"column":11},"end":{"line":46,"column":22}},"loc":{"start":{"line":46,"column":38},"end":{"line":56,"column":null}},"line":46},"4":{"name":"(anonymous_4)","decl":{"start":{"line":49,"column":6},"end":{"line":49,"column":17}},"loc":{"start":{"line":49,"column":22},"end":{"line":49,"column":72}},"line":49},"5":{"name":"(anonymous_5)","decl":{"start":{"line":63,"column":21},"end":{"line":63,"column":25}},"loc":{"start":{"line":63,"column":32},"end":{"line":77,"column":13}},"line":63},"6":{"name":"(anonymous_6)","decl":{"start":{"line":73,"column":20},"end":{"line":73,"column":35}},"loc":{"start":{"line":73,"column":35},"end":{"line":73,"column":null}},"line":73},"7":{"name":"(anonymous_7)","decl":{"start":{"line":87,"column":20},"end":{"line":87,"column":25}},"loc":{"start":{"line":88,"column":12},"end":{"line":97,"column":null}},"line":88},"8":{"name":"(anonymous_8)","decl":{"start":{"line":89,"column":23},"end":{"line":89,"column":27}},"loc":{"start":{"line":90,"column":16},"end":{"line":95,"column":null}},"line":90},"9":{"name":"(anonymous_9)","decl":{"start":{"line":105,"column":12},"end":{"line":105,"column":27}},"loc":{"start":{"line":105,"column":27},"end":{"line":105,"column":48}},"line":105},"10":{"name":"(anonymous_10)","decl":{"start":{"line":105,"column":27},"end":{"line":105,"column":35}},"loc":{"start":{"line":105,"column":40},"end":{"line":105,"column":45}},"line":105},"11":{"name":"(anonymous_11)","decl":{"start":{"line":106,"column":38},"end":{"line":106,"column":42}},"loc":{"start":{"line":106,"column":51},"end":{"line":106,"column":56}},"line":106},"12":{"name":"(anonymous_12)","decl":{"start":{"line":107,"column":13},"end":{"line":107,"column":20}},"loc":{"start":{"line":107,"column":25},"end":{"line":108,"column":52}},"line":107},"13":{"name":"(anonymous_13)","decl":{"start":{"line":109,"column":13},"end":{"line":109,"column":41}},"loc":{"start":{"line":109,"column":60},"end":{"line":113,"column":15}},"line":109},"14":{"name":"(anonymous_14)","decl":{"start":{"line":114,"column":13},"end":{"line":114,"column":18}},"loc":{"start":{"line":114,"column":27},"end":{"line":117,"column":null}},"line":114},"15":{"name":"(anonymous_15)","decl":{"start":{"line":117,"column":18},"end":{"line":117,"column":33}},"loc":{"start":{"line":117,"column":33},"end":{"line":117,"column":56}},"line":117},"16":{"name":"(anonymous_16)","decl":{"start":{"line":121,"column":12},"end":{"line":121,"column":27}},"loc":{"start":{"line":121,"column":27},"end":{"line":121,"column":48}},"line":121},"17":{"name":"(anonymous_17)","decl":{"start":{"line":121,"column":27},"end":{"line":121,"column":35}},"loc":{"start":{"line":121,"column":40},"end":{"line":121,"column":45}},"line":121}},"branchMap":{"0":{"loc":{"start":{"line":24,"column":2},"end":{"line":24,"column":null}},"type":"default-arg","locations":[{"start":{"line":24,"column":13},"end":{"line":24,"column":null}}],"line":24},"1":{"loc":{"start":{"line":25,"column":2},"end":{"line":25,"column":null}},"type":"default-arg","locations":[{"start":{"line":25,"column":17},"end":{"line":25,"column":null}}],"line":25},"2":{"loc":{"start":{"line":32,"column":4},"end":{"line":32,"column":null}},"type":"if","locations":[{"start":{"line":32,"column":4},"end":{"line":32,"column":null}},{"start":{},"end":{}}],"line":32},"3":{"loc":{"start":{"line":32,"column":8},"end":{"line":32,"column":30}},"type":"binary-expr","locations":[{"start":{"line":32,"column":8},"end":{"line":32,"column":20}},{"start":{"line":32,"column":20},"end":{"line":32,"column":30}}],"line":32},"4":{"loc":{"start":{"line":35,"column":6},"end":{"line":35,"column":null}},"type":"if","locations":[{"start":{"line":35,"column":6},"end":{"line":35,"column":null}},{"start":{},"end":{}}],"line":35},"5":{"loc":{"start":{"line":36,"column":6},"end":{"line":36,"column":null}},"type":"if","locations":[{"start":{"line":36,"column":6},"end":{"line":36,"column":null}},{"start":{},"end":{}}],"line":36},"6":{"loc":{"start":{"line":37,"column":18},"end":{"line":37,"column":null}},"type":"cond-expr","locations":[{"start":{"line":37,"column":28},"end":{"line":37,"column":33}},{"start":{"line":37,"column":33},"end":{"line":37,"column":null}}],"line":37},"7":{"loc":{"start":{"line":37,"column":33},"end":{"line":37,"column":null}},"type":"cond-expr","locations":[{"start":{"line":37,"column":43},"end":{"line":37,"column":47}},{"start":{"line":37,"column":47},"end":{"line":37,"column":null}}],"line":37},"8":{"loc":{"start":{"line":38,"column":13},"end":{"line":38,"column":null}},"type":"cond-expr","locations":[{"start":{"line":38,"column":33},"end":{"line":38,"column":39}},{"start":{"line":38,"column":39},"end":{"line":38,"column":null}}],"line":38},"9":{"loc":{"start":{"line":47,"column":4},"end":{"line":47,"column":null}},"type":"if","locations":[{"start":{"line":47,"column":4},"end":{"line":47,"column":null}},{"start":{},"end":{}}],"line":47},"10":{"loc":{"start":{"line":48,"column":4},"end":{"line":54,"column":null}},"type":"if","locations":[{"start":{"line":48,"column":4},"end":{"line":54,"column":null}},{"start":{"line":51,"column":11},"end":{"line":54,"column":null}}],"line":48},"11":{"loc":{"start":{"line":49,"column":22},"end":{"line":49,"column":72}},"type":"cond-expr","locations":[{"start":{"line":49,"column":36},"end":{"line":49,"column":45}},{"start":{"line":49,"column":45},"end":{"line":49,"column":72}}],"line":49},"12":{"loc":{"start":{"line":49,"column":45},"end":{"line":49,"column":72}},"type":"cond-expr","locations":[{"start":{"line":49,"column":60},"end":{"line":49,"column":67}},{"start":{"line":49,"column":67},"end":{"line":49,"column":72}}],"line":49},"13":{"loc":{"start":{"line":50,"column":6},"end":{"line":50,"column":null}},"type":"if","locations":[{"start":{"line":50,"column":6},"end":{"line":50,"column":null}},{"start":{},"end":{}}],"line":50},"14":{"loc":{"start":{"line":66,"column":16},"end":{"line":66,"column":null}},"type":"cond-expr","locations":[{"start":{"line":66,"column":31},"end":{"line":66,"column":44}},{"start":{"line":66,"column":44},"end":{"line":66,"column":null}}],"line":66},"15":{"loc":{"start":{"line":67,"column":16},"end":{"line":67,"column":null}},"type":"cond-expr","locations":[{"start":{"line":67,"column":40},"end":{"line":67,"column":46}},{"start":{"line":67,"column":46},"end":{"line":67,"column":null}}],"line":67},"16":{"loc":{"start":{"line":68,"column":16},"end":{"line":68,"column":null}},"type":"cond-expr","locations":[{"start":{"line":68,"column":49},"end":{"line":68,"column":65}},{"start":{"line":68,"column":65},"end":{"line":68,"column":null}}],"line":68},"17":{"loc":{"start":{"line":68,"column":16},"end":{"line":68,"column":49}},"type":"binary-expr","locations":[{"start":{"line":68,"column":16},"end":{"line":68,"column":28}},{"start":{"line":68,"column":28},"end":{"line":68,"column":49}}],"line":68},"18":{"loc":{"start":{"line":69,"column":16},"end":{"line":69,"column":null}},"type":"cond-expr","locations":[{"start":{"line":69,"column":49},"end":{"line":69,"column":65}},{"start":{"line":69,"column":65},"end":{"line":69,"column":null}}],"line":69},"19":{"loc":{"start":{"line":69,"column":16},"end":{"line":69,"column":49}},"type":"binary-expr","locations":[{"start":{"line":69,"column":16},"end":{"line":69,"column":28}},{"start":{"line":69,"column":28},"end":{"line":69,"column":49}}],"line":69},"20":{"loc":{"start":{"line":81,"column":11},"end":{"line":98,"column":null}},"type":"cond-expr","locations":[{"start":{"line":82,"column":12},"end":{"line":87,"column":20}},{"start":{"line":87,"column":14},"end":{"line":98,"column":null}}],"line":81},"21":{"loc":{"start":{"line":91,"column":31},"end":{"line":91,"column":null}},"type":"cond-expr","locations":[{"start":{"line":91,"column":55},"end":{"line":91,"column":61}},{"start":{"line":91,"column":61},"end":{"line":91,"column":null}}],"line":91},"22":{"loc":{"start":{"line":92,"column":19},"end":{"line":94,"column":null}},"type":"cond-expr","locations":[{"start":{"line":93,"column":22},"end":{"line":93,"column":null}},{"start":{"line":94,"column":22},"end":{"line":94,"column":null}}],"line":92},"23":{"loc":{"start":{"line":94,"column":29},"end":{"line":94,"column":48}},"type":"binary-expr","locations":[{"start":{"line":94,"column":29},"end":{"line":94,"column":45}},{"start":{"line":94,"column":45},"end":{"line":94,"column":48}}],"line":94},"24":{"loc":{"start":{"line":101,"column":7},"end":{"line":128,"column":null}},"type":"binary-expr","locations":[{"start":{"line":101,"column":7},"end":{"line":101,"column":null}},{"start":{"line":102,"column":8},"end":{"line":128,"column":null}}],"line":101},"25":{"loc":{"start":{"line":107,"column":25},"end":{"line":108,"column":52}},"type":"binary-expr","locations":[{"start":{"line":107,"column":25},"end":{"line":107,"column":36}},{"start":{"line":107,"column":36},"end":{"line":107,"column":null}},{"start":{"line":108,"column":25},"end":{"line":108,"column":52}}],"line":107},"26":{"loc":{"start":{"line":110,"column":14},"end":{"line":111,"column":null}},"type":"if","locations":[{"start":{"line":110,"column":14},"end":{"line":111,"column":null}},{"start":{},"end":{}}],"line":110},"27":{"loc":{"start":{"line":110,"column":18},"end":{"line":110,"column":null}},"type":"binary-expr","locations":[{"start":{"line":110,"column":18},"end":{"line":110,"column":28}},{"start":{"line":110,"column":28},"end":{"line":110,"column":null}}],"line":110},"28":{"loc":{"start":{"line":114,"column":27},"end":{"line":117,"column":null}},"type":"cond-expr","locations":[{"start":{"line":115,"column":16},"end":{"line":115,"column":null}},{"start":{"line":116,"column":16},"end":{"line":117,"column":null}}],"line":114},"29":{"loc":{"start":{"line":116,"column":57},"end":{"line":116,"column":null}},"type":"cond-expr","locations":[{"start":{"line":116,"column":74},"end":{"line":116,"column":86}},{"start":{"line":116,"column":86},"end":{"line":116,"column":null}}],"line":116}},"s":{"0":19,"1":19,"2":19,"3":19,"4":16,"5":11,"6":5,"7":12,"8":12,"9":12,"10":0,"11":12,"12":4,"13":8,"14":12,"15":19,"16":19,"17":19,"18":7,"19":1,"20":6,"21":3,"22":3,"23":3,"24":1,"25":3,"26":3,"27":6,"28":19,"29":34,"30":34,"31":34,"32":7,"33":41,"34":70,"35":1,"36":1,"37":52,"38":52,"39":14,"40":4,"41":14,"42":14,"43":18,"44":2,"45":0,"46":0},"f":{"0":19,"1":16,"2":12,"3":7,"4":3,"5":34,"6":7,"7":41,"8":70,"9":1,"10":1,"11":52,"12":52,"13":14,"14":18,"15":2,"16":0,"17":0},"b":{"0":[19],"1":[19],"2":[11,5],"3":[16,5],"4":[0,12],"5":[4,8],"6":[2,6],"7":[2,4],"8":[5,3],"9":[1,6],"10":[3,3],"11":[2,1],"12":[1,0],"13":[1,2],"14":[32,2],"15":[14,20],"16":[3,31],"17":[34,5],"18":[2,32],"19":[34,5],"20":[2,17],"21":[27,43],"22":[3,67],"23":[67,3],"24":[19,4],"25":[52,48,44],"26":[4,10],"27":[14,10],"28":[4,14],"29":[4,10]},"meta":{"lastBranch":30,"lastFunction":18,"lastStatement":47,"seen":{"f:21:16:21:57":0,"b:24:13:24:Infinity":0,"b:25:17:25:Infinity":1,"s:27:18:27:Infinity":0,"s:28:18:28:Infinity":1,"s:29:15:29:Infinity":2,"s:31:8:40:Infinity":3,"f:31:17:31:31":1,"b:32:4:32:Infinity:undefined:undefined:undefined:undefined":2,"s:32:4:32:Infinity":4,"b:32:8:32:20:32:20:32:30":3,"s:32:30:32:Infinity":5,"s:33:4:39:Infinity":6,"f:33:21:33:27":2,"s:34:17:34:29":7,"s:34:40:34:Infinity":8,"b:35:6:35:Infinity:undefined:undefined:undefined:undefined":4,"s:35:6:35:Infinity":9,"s:35:22:35:Infinity":10,"b:36:6:36:Infinity:undefined:undefined:undefined:undefined":5,"s:36:6:36:Infinity":11,"s:36:22:36:Infinity":12,"s:37:18:37:Infinity":13,"b:37:28:37:33:37:33:37:Infinity":6,"b:37:43:37:47:37:47:37:Infinity":7,"s:38:6:38:Infinity":14,"b:38:33:38:39:38:39:38:Infinity":8,"s:42:20:42:Infinity":15,"s:43:20:43:Infinity":16,"s:44:20:44:Infinity":17,"f:46:11:46:22":3,"b:47:4:47:Infinity:undefined:undefined:undefined:undefined":9,"s:47:4:47:Infinity":18,"s:47:23:47:Infinity":19,"b:48:4:54:Infinity:51:11:54:Infinity":10,"s:48:4:54:Infinity":20,"s:49:6:49:Infinity":21,"f:49:6:49:17":4,"s:49:22:49:72":22,"b:49:36:49:45:49:45:49:72":11,"b:49:60:49:67:49:67:49:72":12,"b:50:6:50:Infinity:undefined:undefined:undefined:undefined":13,"s:50:6:50:Infinity":23,"s:50:30:50:Infinity":24,"s:52:6:52:Infinity":25,"s:53:6:53:Infinity":26,"s:55:4:55:Infinity":27,"s:58:2:128:Infinity":28,"f:63:21:63:25":5,"s:64:31:64:Infinity":29,"s:65:26:70:Infinity":30,"b:66:31:66:44:66:44:66:Infinity":14,"b:67:40:67:46:67:46:67:Infinity":15,"b:68:49:68:65:68:65:68:Infinity":16,"b:68:16:68:28:68:28:68:49":17,"b:69:49:69:65:69:65:69:Infinity":18,"b:69:16:69:28:69:28:69:49":19,"s:71:14:75:Infinity":31,"f:73:20:73:35":6,"s:73:35:73:Infinity":32,"b:82:12:87:20:87:14:98:Infinity":20,"f:87:20:87:25":7,"s:88:12:97:Infinity":33,"f:89:23:89:27":8,"s:90:16:95:Infinity":34,"b:91:55:91:61:91:61:91:Infinity":21,"b:93:22:93:Infinity:94:22:94:Infinity":22,"b:94:29:94:45:94:45:94:48":23,"b:101:7:101:Infinity:102:8:128:Infinity":24,"f:105:12:105:27":9,"s:105:27:105:48":35,"f:105:27:105:35":10,"s:105:40:105:45":36,"f:106:38:106:42":11,"s:106:51:106:56":37,"f:107:13:107:20":12,"s:107:25:108:52":38,"b:107:25:107:36:107:36:107:Infinity:108:25:108:52":25,"f:109:13:109:41":13,"b:110:14:111:Infinity:undefined:undefined:undefined:undefined":26,"s:110:14:111:Infinity":39,"b:110:18:110:28:110:28:110:Infinity":27,"s:111:16:111:Infinity":40,"s:112:14:112:27":41,"s:112:27:112:Infinity":42,"f:114:13:114:18":14,"s:114:27:117:Infinity":43,"b:115:16:115:Infinity:116:16:117:Infinity":28,"b:116:74:116:86:116:86:116:Infinity":29,"f:117:18:117:33":15,"s:117:33:117:56":44,"f:121:12:121:27":16,"s:121:27:121:48":45,"f:121:27:121:35":17,"s:121:40:121:45":46},"fnNames":{}}}
,"/home/manish/Desktop/machine/omnibioai-ui/src/components/Tabs/Tabs.css": {"path":"/home/manish/Desktop/machine/omnibioai-ui/src/components/Tabs/Tabs.css","statementMap":{},"fnMap":{},"branchMap":{},"s":{},"f":{},"b":{},"meta":{"lastBranch":0,"lastFunction":0,"lastStatement":0,"seen":{},"fnNames":{}}}
,"/home/manish/Desktop/machine/omnibioai-ui/src/components/Tabs/Tabs.tsx": {"path":"/home/manish/Desktop/machine/omnibioai-ui/src/components/Tabs/Tabs.tsx","statementMap":{"0":{"start":{"line":17,"column":17},"end":{"line":17,"column":null}},"1":{"start":{"line":20,"column":4},"end":{"line":20,"column":null}},"2":{"start":{"line":21,"column":4},"end":{"line":21,"column":null}},"3":{"start":{"line":24,"column":18},"end":{"line":24,"column":null}},"4":{"start":{"line":24,"column":33},"end":{"line":24,"column":49}},"5":{"start":{"line":26,"column":2},"end":{"line":42,"column":null}},"6":{"start":{"line":30,"column":10},"end":{"line":36,"column":null}},"7":{"start":{"line":33,"column":27},"end":{"line":33,"column":null}}},"fnMap":{"0":{"name":"Tabs","decl":{"start":{"line":16,"column":16},"end":{"line":16,"column":21}},"loc":{"start":{"line":16,"column":64},"end":{"line":44,"column":null}},"line":16},"1":{"name":"handleClick","decl":{"start":{"line":19,"column":11},"end":{"line":19,"column":23}},"loc":{"start":{"line":19,"column":36},"end":{"line":22,"column":null}},"line":19},"2":{"name":"(anonymous_2)","decl":{"start":{"line":24,"column":23},"end":{"line":24,"column":28}},"loc":{"start":{"line":24,"column":33},"end":{"line":24,"column":49}},"line":24},"3":{"name":"(anonymous_3)","decl":{"start":{"line":29,"column":14},"end":{"line":29,"column":18}},"loc":{"start":{"line":30,"column":10},"end":{"line":36,"column":null}},"line":30},"4":{"name":"(anonymous_4)","decl":{"start":{"line":33,"column":12},"end":{"line":33,"column":27}},"loc":{"start":{"line":33,"column":27},"end":{"line":33,"column":null}},"line":33}},"branchMap":{"0":{"loc":{"start":{"line":17,"column":39},"end":{"line":17,"column":71}},"type":"binary-expr","locations":[{"start":{"line":17,"column":39},"end":{"line":17,"column":53}},{"start":{"line":17,"column":53},"end":{"line":17,"column":69}},{"start":{"line":17,"column":69},"end":{"line":17,"column":71}}],"line":17},"1":{"loc":{"start":{"line":32,"column":38},"end":{"line":32,"column":null}},"type":"cond-expr","locations":[{"start":{"line":32,"column":59},"end":{"line":32,"column":71}},{"start":{"line":32,"column":71},"end":{"line":32,"column":null}}],"line":32}},"s":{"0":7,"1":2,"2":2,"3":7,"4":11,"5":7,"6":21,"7":2},"f":{"0":7,"1":2,"2":11,"3":21,"4":2},"b":{"0":[7,6,0],"1":[7,14]},"meta":{"lastBranch":2,"lastFunction":5,"lastStatement":8,"seen":{"f:16:16:16:21":0,"s:17:17:17:Infinity":0,"b:17:39:17:53:17:53:17:69:17:69:17:71":0,"f:19:11:19:23":1,"s:20:4:20:Infinity":1,"s:21:4:21:Infinity":2,"s:24:18:24:Infinity":3,"f:24:23:24:28":2,"s:24:33:24:49":4,"s:26:2:42:Infinity":5,"f:29:14:29:18":3,"s:30:10:36:Infinity":6,"b:32:59:32:71:32:71:32:Infinity":1,"f:33:12:33:27":4,"s:33:27:33:Infinity":7},"fnNames":{}}}
,"/home/manish/Desktop/machine/omnibioai-ui/src/components/Tooltip/Tooltip.css": {"path":"/home/manish/Desktop/machine/omnibioai-ui/src/components/Tooltip/Tooltip.css","statementMap":{},"fnMap":{},"branchMap":{},"s":{},"f":{},"b":{},"meta":{"lastBranch":0,"lastFunction":0,"lastStatement":0,"seen":{},"fnNames":{}}}
,"/home/manish/Desktop/machine/omnibioai-ui/src/components/Tooltip/Tooltip.tsx": {"path":"/home/manish/Desktop/machine/omnibioai-ui/src/components/Tooltip/Tooltip.tsx","statementMap":{"0":{"start":{"line":10,"column":2},"end":{"line":14,"column":null}}},"fnMap":{"0":{"name":"Tooltip","decl":{"start":{"line":9,"column":16},"end":{"line":9,"column":24}},"loc":{"start":{"line":9,"column":61},"end":{"line":16,"column":null}},"line":9}},"branchMap":{},"s":{"0":3},"f":{"0":3},"b":{},"meta":{"lastBranch":0,"lastFunction":1,"lastStatement":1,"seen":{"f:9:16:9:24":0,"s:10:2:14:Infinity":0},"fnNames":{}}}
}
